#-----------------------------------------------------------
# Vivado v2016.2 (64-bit)
# SW Build 1577090 on Thu Jun  2 16:32:40 MDT 2016
# IP Build 1577682 on Fri Jun  3 12:00:54 MDT 2016
# Start of session at: Fri Oct 21 13:47:35 2016
# Process ID: 10916
# Current directory: C:/Users/Alexandre/Desktop/mult_pico_blazer_display
# Command line: vivado.exe -gui_launcher_event rodinguilauncherevent11540 C:\Users\Alexandre\Desktop\mult_pico_blazer_display\mult_pico_blazer.xpr
# Log file: C:/Users/Alexandre/Desktop/mult_pico_blazer_display/vivado.log
# Journal file: C:/Users/Alexandre/Desktop/mult_pico_blazer_display\vivado.jou
#-----------------------------------------------------------
start_gui
open_project C:/Users/Alexandre/Desktop/mult_pico_blazer_display/mult_pico_blazer.xpr
INFO: [Project 1-313] Project file moved from 'C:/Users/Alexandre/Desktop/mult_pico_blazer' since last save.
Scanning sources...
Finished scanning sources
INFO: [IP_Flow 19-234] Refreshing IP repositories
INFO: [IP_Flow 19-1704] No user IP repositories specified
INFO: [IP_Flow 19-2313] Loaded Vivado IP repository 'C:/Xilinx/Vivado/2016.2/data/ip'.
open_project: Time (s): cpu = 00:00:07 ; elapsed = 00:00:05 . Memory (MB): peak = 732.074 ; gain = 108.242
update_compile_order -fileset sources_1
import_files -norecurse C:/Users/Alexandre/Desktop/Decodificador.vhd
update_compile_order -fileset sources_1
remove_files C:/Users/Alexandre/Desktop/mult_pico_blazer_display/mult_pico_blazer.srcs/sources_1/imports/Desktop/Decodificador.vhd
import_files -force -norecurse C:/Users/Alexandre/Desktop/Decodificador.vhd
update_compile_order -fileset sources_1
import_files -norecurse C:/Users/Alexandre/Desktop/bdc/bdc.srcs/sources_1/new/test_bcd_module.vhd
update_compile_order -fileset sources_1
update_compile_order -fileset sources_1
reset_run synth_1
launch_runs impl_1
[Fri Oct 21 14:27:43 2016] Launched synth_1...
Run output will be captured here: C:/Users/Alexandre/Desktop/mult_pico_blazer_display/mult_pico_blazer.runs/synth_1/runme.log
[Fri Oct 21 14:27:43 2016] Launched impl_1...
Run output will be captured here: C:/Users/Alexandre/Desktop/mult_pico_blazer_display/mult_pico_blazer.runs/impl_1/runme.log
reset_run synth_1
launch_runs impl_1
[Fri Oct 21 14:31:09 2016] Launched synth_1...
Run output will be captured here: C:/Users/Alexandre/Desktop/mult_pico_blazer_display/mult_pico_blazer.runs/synth_1/runme.log
[Fri Oct 21 14:31:09 2016] Launched impl_1...
Run output will be captured here: C:/Users/Alexandre/Desktop/mult_pico_blazer_display/mult_pico_blazer.runs/impl_1/runme.log
reset_run synth_1
launch_runs impl_1
[Fri Oct 21 15:45:50 2016] Launched synth_1...
Run output will be captured here: C:/Users/Alexandre/Desktop/mult_pico_blazer_display/mult_pico_blazer.runs/synth_1/runme.log
[Fri Oct 21 15:45:50 2016] Launched impl_1...
Run output will be captured here: C:/Users/Alexandre/Desktop/mult_pico_blazer_display/mult_pico_blazer.runs/impl_1/runme.log
launch_runs impl_1 -to_step write_bitstream
[Fri Oct 21 15:47:20 2016] Launched impl_1...
Run output will be captured here: C:/Users/Alexandre/Desktop/mult_pico_blazer_display/mult_pico_blazer.runs/impl_1/runme.log
open_run impl_1
INFO: [Netlist 29-17] Analyzing 70 Unisim elements for replacement
INFO: [Netlist 29-28] Unisim Transformation completed in 0 CPU seconds
INFO: [Project 1-479] Netlist was created with Vivado 2016.2
INFO: [Device 21-403] Loading part xc7a35tcpg236-1
INFO: [Project 1-570] Preparing netlist for logic optimization
Parsing XDC File [C:/Users/Alexandre/Desktop/mult_pico_blazer_display/.Xil/Vivado-10916-DESKTOP-7FAJQ9S/dcp/top.xdc]
Finished Parsing XDC File [C:/Users/Alexandre/Desktop/mult_pico_blazer_display/.Xil/Vivado-10916-DESKTOP-7FAJQ9S/dcp/top.xdc]
Reading XDEF placement.
Reading placer database...
Reading XDEF routing.
Read XDEF File: Time (s): cpu = 00:00:00 ; elapsed = 00:00:00.062 . Memory (MB): peak = 971.512 ; gain = 0.000
Restored from archive | CPU: 0.000000 secs | Memory: 0.000000 MB |
Finished XDEF File Restore: Time (s): cpu = 00:00:00 ; elapsed = 00:00:00.062 . Memory (MB): peak = 971.512 ; gain = 0.000
INFO: [Project 1-111] Unisim Transformation Summary:
  A total of 46 instances were transformed.
  LUT6_2 => LUT6_2 (LUT6, LUT5): 40 instances
  RAM32M => RAM32M (RAMS32, RAMS32, RAMD32, RAMD32, RAMD32, RAMD32, RAMD32, RAMD32): 4 instances
  RAM64M => RAM64M (RAMD64E, RAMD64E, RAMD64E, RAMD64E): 2 instances

open_run: Time (s): cpu = 00:00:09 ; elapsed = 00:00:11 . Memory (MB): peak = 1053.688 ; gain = 270.102
close_design
close_design: Time (s): cpu = 00:00:07 ; elapsed = 00:00:07 . Memory (MB): peak = 1424.484 ; gain = 332.164
reset_run synth_1
launch_runs impl_1
[Fri Oct 21 15:50:40 2016] Launched synth_1...
Run output will be captured here: C:/Users/Alexandre/Desktop/mult_pico_blazer_display/mult_pico_blazer.runs/synth_1/runme.log
[Fri Oct 21 15:50:40 2016] Launched impl_1...
Run output will be captured here: C:/Users/Alexandre/Desktop/mult_pico_blazer_display/mult_pico_blazer.runs/impl_1/runme.log
launch_runs impl_1 -to_step write_bitstream
[Fri Oct 21 15:52:46 2016] Launched impl_1...
Run output will be captured here: C:/Users/Alexandre/Desktop/mult_pico_blazer_display/mult_pico_blazer.runs/impl_1/runme.log
open_hw
close_hw
exit
INFO: [Common 17-206] Exiting Vivado at Fri Oct 21 16:56:51 2016...
