#-----------------------------------------------------------
# Vivado v2016.2 (64-bit)
# SW Build 1577090 on Thu Jun  2 16:32:40 MDT 2016
# IP Build 1577682 on Fri Jun  3 12:00:54 MDT 2016
# Start of session at: Mon Nov 21 12:19:40 2016
# Process ID: 5488
# Current directory: C:/Users/Alexandre/Desktop/mult_pico_blazer_display
# Command line: vivado.exe -gui_launcher_event rodinguilauncherevent6372 C:\Users\Alexandre\Desktop\mult_pico_blazer_display\mult_pico_blazer.xpr
# Log file: C:/Users/Alexandre/Desktop/mult_pico_blazer_display/vivado.log
# Journal file: C:/Users/Alexandre/Desktop/mult_pico_blazer_display\vivado.jou
#-----------------------------------------------------------
start_gui
open_project C:/Users/Alexandre/Desktop/mult_pico_blazer_display/mult_pico_blazer.xpr
Scanning sources...
Finished scanning sources
INFO: [IP_Flow 19-234] Refreshing IP repositories
INFO: [IP_Flow 19-1704] No user IP repositories specified
INFO: [IP_Flow 19-2313] Loaded Vivado IP repository 'C:/Xilinx/Vivado/2016.2/data/ip'.
open_project: Time (s): cpu = 00:00:08 ; elapsed = 00:00:06 . Memory (MB): peak = 728.074 ; gain = 104.934
update_compile_order -fileset sources_1
exit
INFO: [Common 17-206] Exiting Vivado at Mon Nov 21 21:03:11 2016...
